
> vibe-generated-app@1.0.0 dev
> vite


  VITE v5.4.20  ready in 224 ms

  ➜  Local:   http://localhost:3000/
  ➜  Network: http://172.20.100.152:3000/
8:18:09 AM [vite] Pre-transform error: Transform failed with 1 error:
/home/workspace/src/components/Featured.jsx:30:12: ERROR: Expected ">" but found "}"
8:18:11 AM [vite] Internal server error: Transform failed with 1 error:
/home/workspace/src/components/Featured.jsx:30:12: ERROR: Expected ">" but found "}"
  Plugin: vite:esbuild
  File: /home/workspace/src/components/Featured.jsx:30:12
  
  Expected ">" but found "}"
  28 |                transition={{ duration: 0.5, delay: idx * 0.06 }}
  29 |                className="group rounded-2xl overflow-hidden bg-white ring-1 ring-slate-200 hover:shadow-xl"
  30 |              }
     |              ^
  31 |              >
  32 |                <div className="aspect-[4/3] overflow-hidden">
  
      at failureErrorWithLog (/home/workspace/node_modules/esbuild/lib/main.js:1472:15)
      at /home/workspace/node_modules/esbuild/lib/main.js:755:50
      at responseCallbacks.<computed> (/home/workspace/node_modules/esbuild/lib/main.js:622:9)
      at handleIncomingPacket (/home/workspace/node_modules/esbuild/lib/main.js:677:12)
      at Socket.readFromStdout (/home/workspace/node_modules/esbuild/lib/main.js:600:7)
      at Socket.emit (node:events:508:28)
      at addChunk (node:internal/streams/readable:559:12)
      at readableAddChunkPushByteMode (node:internal/streams/readable:510:3)
      at Readable.push (node:internal/streams/readable:390:5)
      at Pipe.onStreamRead (node:internal/stream_base_commons:189:23)
8:18:12 AM [vite] Internal server error: Transform failed with 1 error:
/home/workspace/src/components/Featured.jsx:30:12: ERROR: Expected ">" but found "}"
  Plugin: vite:esbuild
  File: /home/workspace/src/components/Featured.jsx:30:12
  
  Expected ">" but found "}"
  28 |                transition={{ duration: 0.5, delay: idx * 0.06 }}
  29 |                className="group rounded-2xl overflow-hidden bg-white ring-1 ring-slate-200 hover:shadow-xl"
  30 |              }
     |              ^
  31 |              >
  32 |                <div className="aspect-[4/3] overflow-hidden">
  
      at failureErrorWithLog (/home/workspace/node_modules/esbuild/lib/main.js:1472:15)
      at /home/workspace/node_modules/esbuild/lib/main.js:755:50
      at responseCallbacks.<computed> (/home/workspace/node_modules/esbuild/lib/main.js:622:9)
      at handleIncomingPacket (/home/workspace/node_modules/esbuild/lib/main.js:677:12)
      at Socket.readFromStdout (/home/workspace/node_modules/esbuild/lib/main.js:600:7)
      at Socket.emit (node:events:508:28)
      at addChunk (node:internal/streams/readable:559:12)
      at readableAddChunkPushByteMode (node:internal/streams/readable:510:3)
      at Readable.push (node:internal/streams/readable:390:5)
      at Pipe.onStreamRead (node:internal/stream_base_commons:189:23)
8:19:10 AM [vite] Internal server error: Transform failed with 1 error:
/home/workspace/src/components/Featured.jsx:30:12: ERROR: Expected ">" but found "}"
  Plugin: vite:esbuild
  File: /home/workspace/src/components/Featured.jsx:30:12
  
  Expected ">" but found "}"
  28 |                transition={{ duration: 0.5, delay: idx * 0.06 }}
  29 |                className="group rounded-2xl overflow-hidden bg-white ring-1 ring-slate-200 hover:shadow-xl"
  30 |              }
     |              ^
  31 |              >
  32 |                <div className="aspect-[4/3] overflow-hidden">
  
      at failureErrorWithLog (/home/workspace/node_modules/esbuild/lib/main.js:1472:15)
      at /home/workspace/node_modules/esbuild/lib/main.js:755:50
      at responseCallbacks.<computed> (/home/workspace/node_modules/esbuild/lib/main.js:622:9)
      at handleIncomingPacket (/home/workspace/node_modules/esbuild/lib/main.js:677:12)
      at Socket.readFromStdout (/home/workspace/node_modules/esbuild/lib/main.js:600:7)
      at Socket.emit (node:events:508:28)
      at addChunk (node:internal/streams/readable:559:12)
      at readableAddChunkPushByteMode (node:internal/streams/readable:510:3)
      at Readable.push (node:internal/streams/readable:390:5)
      at Pipe.onStreamRead (node:internal/stream_base_commons:189:23)
